kotlin version: 2.0.0
error message: org.jetbrains.kotlin.backend.common.BackendException: Backend Internal error: Exception during IR lowering
File being compiled: /Users/subbukathir/AndroidStudioProjects/searchrecipe/feature/search/ui/src/main/java/com/example/feature/search/ui/screens/recipe_list/RecipeListScreen.kt
The root cause java.lang.RuntimeException was thrown at: org.jetbrains.kotlin.backend.jvm.codegen.FunctionCodegen.generate(FunctionCodegen.kt:50)
	at org.jetbrains.kotlin.backend.common.CodegenUtil.reportBackendException(CodegenUtil.kt:253)
	at org.jetbrains.kotlin.backend.common.CodegenUtil.reportBackendException$default(CodegenUtil.kt:236)
	at org.jetbrains.kotlin.backend.common.phaser.PerformByIrFilePhase.invokeSequential(performByIrFile.kt:65)
	at org.jetbrains.kotlin.backend.common.phaser.PerformByIrFilePhase.invoke(performByIrFile.kt:52)
	at org.jetbrains.kotlin.backend.common.phaser.PerformByIrFilePhase.invoke(performByIrFile.kt:38)
	at org.jetbrains.kotlin.backend.common.phaser.NamedCompilerPhase.phaseBody(CompilerPhase.kt:166)
	at org.jetbrains.kotlin.backend.common.phaser.AbstractNamedCompilerPhase.invoke(CompilerPhase.kt:113)
	at org.jetbrains.kotlin.backend.common.phaser.CompositePhase.invoke(PhaseBuilders.kt:29)
	at org.jetbrains.kotlin.backend.common.phaser.CompositePhase.invoke(PhaseBuilders.kt:16)
	at org.jetbrains.kotlin.backend.common.phaser.NamedCompilerPhase.phaseBody(CompilerPhase.kt:166)
	at org.jetbrains.kotlin.backend.common.phaser.AbstractNamedCompilerPhase.invoke(CompilerPhase.kt:113)
	at org.jetbrains.kotlin.backend.common.phaser.CompilerPhaseKt.invokeToplevel(CompilerPhase.kt:62)
	at org.jetbrains.kotlin.backend.jvm.JvmIrCodegenFactory.invokeCodegen(JvmIrCodegenFactory.kt:371)
	at org.jetbrains.kotlin.codegen.CodegenFactory.generateModule(CodegenFactory.kt:47)
	at org.jetbrains.kotlin.backend.jvm.JvmIrCodegenFactory.generateModuleInFrontendIRMode(JvmIrCodegenFactory.kt:433)
	at org.jetbrains.kotlin.cli.jvm.compiler.pipeline.JvmCompilerPipelineKt.generateCodeFromIr(jvmCompilerPipeline.kt:241)
	at org.jetbrains.kotlin.cli.jvm.compiler.pipeline.JvmCompilerPipelineKt.compileModulesUsingFrontendIrAndLightTree(jvmCompilerPipeline.kt:140)
	at org.jetbrains.kotlin.cli.jvm.K2JVMCompiler.doExecute(K2JVMCompiler.kt:155)
	at org.jetbrains.kotlin.cli.jvm.K2JVMCompiler.doExecute(K2JVMCompiler.kt:50)
	at org.jetbrains.kotlin.cli.common.CLICompiler.execImpl(CLICompiler.kt:104)
	at org.jetbrains.kotlin.cli.common.CLICompiler.execImpl(CLICompiler.kt:48)
	at org.jetbrains.kotlin.cli.common.CLITool.exec(CLITool.kt:101)
	at org.jetbrains.kotlin.incremental.IncrementalJvmCompilerRunner.runCompiler(IncrementalJvmCompilerRunner.kt:453)
	at org.jetbrains.kotlin.incremental.IncrementalJvmCompilerRunner.runCompiler(IncrementalJvmCompilerRunner.kt:62)
	at org.jetbrains.kotlin.incremental.IncrementalCompilerRunner.doCompile(IncrementalCompilerRunner.kt:506)
	at org.jetbrains.kotlin.incremental.IncrementalCompilerRunner.compileImpl(IncrementalCompilerRunner.kt:423)
	at org.jetbrains.kotlin.incremental.IncrementalCompilerRunner.compileNonIncrementally(IncrementalCompilerRunner.kt:301)
	at org.jetbrains.kotlin.incremental.IncrementalCompilerRunner.compile(IncrementalCompilerRunner.kt:129)
	at org.jetbrains.kotlin.daemon.CompileServiceImplBase.execIncrementalCompiler(CompileServiceImpl.kt:676)
	at org.jetbrains.kotlin.daemon.CompileServiceImplBase.access$execIncrementalCompiler(CompileServiceImpl.kt:92)
	at org.jetbrains.kotlin.daemon.CompileServiceImpl.compile(CompileServiceImpl.kt:1661)
	at java.base/jdk.internal.reflect.DirectMethodHandleAccessor.invoke(Unknown Source)
	at java.base/java.lang.reflect.Method.invoke(Unknown Source)
	at java.rmi/sun.rmi.server.UnicastServerRef.dispatch(Unknown Source)
	at java.rmi/sun.rmi.transport.Transport$1.run(Unknown Source)
	at java.rmi/sun.rmi.transport.Transport$1.run(Unknown Source)
	at java.base/java.security.AccessController.doPrivileged(Unknown Source)
	at java.rmi/sun.rmi.transport.Transport.serviceCall(Unknown Source)
	at java.rmi/sun.rmi.transport.tcp.TCPTransport.handleMessages(Unknown Source)
	at java.rmi/sun.rmi.transport.tcp.TCPTransport$ConnectionHandler.run0(Unknown Source)
	at java.rmi/sun.rmi.transport.tcp.TCPTransport$ConnectionHandler.lambda$run$0(Unknown Source)
	at java.base/java.security.AccessController.doPrivileged(Unknown Source)
	at java.rmi/sun.rmi.transport.tcp.TCPTransport$ConnectionHandler.run(Unknown Source)
	at java.base/java.util.concurrent.ThreadPoolExecutor.runWorker(Unknown Source)
	at java.base/java.util.concurrent.ThreadPoolExecutor$Worker.run(Unknown Source)
	at java.base/java.lang.Thread.run(Unknown Source)
Caused by: java.lang.RuntimeException: Exception while generating code for:
FUN name:RecipeListScreen visibility:public modality:FINAL <> (modifier:androidx.compose.ui.Modifier, viewModel:com.example.feature.search.ui.screens.recipe_list.RecipeListViewModel, onClick:kotlin.Function1<kotlin.String, kotlin.Unit>) returnType:kotlin.Unit
  annotations:
    Composable
  VALUE_PARAMETER name:modifier index:0 type:androidx.compose.ui.Modifier
    EXPRESSION_BODY
      ERROR_EXPR 'Default Stub' type=androidx.compose.ui.Modifier
  VALUE_PARAMETER name:viewModel index:1 type:com.example.feature.search.ui.screens.recipe_list.RecipeListViewModel
    EXPRESSION_BODY
      ERROR_EXPR 'Default Stub' type=com.example.feature.search.ui.screens.recipe_list.RecipeListViewModel
  VALUE_PARAMETER name:onClick index:2 type:kotlin.Function1<kotlin.String, kotlin.Unit>
    EXPRESSION_BODY
      ERROR_EXPR 'Default Stub' type=kotlin.Function1<kotlin.String, kotlin.Unit>
  BLOCK_BODY
    VAR name:query type:androidx.compose.runtime.MutableState<kotlin.String> [val]
      CALL 'public final fun remember <T> (calculation: @[DisallowComposableCalls] kotlin.Function0<T of androidx.compose.runtime.ComposablesKt.remember>): T of androidx.compose.runtime.ComposablesKt.remember [inline] declared in androidx.compose.runtime.ComposablesKt' type=androidx.compose.runtime.MutableState<kotlin.String> origin=null
        <T>: androidx.compose.runtime.MutableState<kotlin.String>
        calculation: BLOCK type=kotlin.Function0<androidx.compose.runtime.MutableState<kotlin.String>> origin=LAMBDA
          COMPOSITE type=kotlin.Unit origin=null
          FUNCTION_REFERENCE 'private final fun RecipeListScreen$lambda$1 (): androidx.compose.runtime.MutableState<kotlin.String> declared in com.example.feature.search.ui.screens.recipe_list.RecipeListScreenKt' type=kotlin.Function0<androidx.compose.runtime.MutableState<kotlin.String>> origin=INLINE_LAMBDA reflectionTarget=null
    VAR name:uiState type:androidx.compose.runtime.State<com.example.feature.search.ui.screens.recipe_list.RecipeList.UiState> [val]
      TYPE_OP type=androidx.compose.runtime.State<com.example.feature.search.ui.screens.recipe_list.RecipeList.UiState> origin=IMPLICIT_CAST typeOperand=androidx.compose.runtime.State<com.example.feature.search.ui.screens.recipe_list.RecipeList.UiState>
        CALL 'public final fun collectAsState$default <T> (context: kotlin.coroutines.CoroutineContext?, $mask0: kotlin.Int, $handler: kotlin.Any?): androidx.compose.runtime.State<T of androidx.compose.runtime.SnapshotStateKt.collectAsState$default> declared in androidx.compose.runtime.SnapshotStateKt' type=androidx.compose.runtime.State<T of androidx.compose.runtime.SnapshotStateKt.collectAsState$default> origin=DEFAULT_DISPATCH_CALL
          <T>: com.example.feature.search.ui.screens.recipe_list.RecipeList.UiState
          $receiver: CALL 'public final fun <get-uiState> (): kotlinx.coroutines.flow.StateFlow<com.example.feature.search.ui.screens.recipe_list.RecipeList.UiState> declared in com.example.feature.search.ui.screens.recipe_list.RecipeListViewModel' type=kotlinx.coroutines.flow.StateFlow<com.example.feature.search.ui.screens.recipe_list.RecipeList.UiState> origin=GET_PROPERTY
            $this: GET_VAR 'viewModel: com.example.feature.search.ui.screens.recipe_list.RecipeListViewModel declared in com.example.feature.search.ui.screens.recipe_list.RecipeListScreenKt.RecipeListScreen' type=com.example.feature.search.ui.screens.recipe_list.RecipeListViewModel origin=null
          context: COMPOSITE type=kotlin.coroutines.CoroutineContext? origin=DEFAULT_VALUE
            CONST Null type=kotlin.coroutines.CoroutineContext? value=null
          $mask0: CONST Int type=kotlin.Int value=1
          $handler: CONST Null type=kotlin.Any? value=null
    CALL 'public final fun Scaffold-QMVK-b8$default (modifier: androidx.compose.ui.Modifier?, topBar: @[Composable] kotlin.Function0<kotlin.Unit>?, bottomBar: @[Composable] kotlin.Function0<kotlin.Unit>?, snackbarHost: @[Composable] kotlin.Function0<kotlin.Unit>?, floatingActionButton: @[Composable] kotlin.Function0<kotlin.Unit>?, floatingActionButtonPosition: androidx.compose.material3.FabPosition, containerColor: androidx.compose.ui.graphics.Color, contentColor: androidx.compose.ui.graphics.Color, contentWindowInsets: androidx.compose.foundation.layout.WindowInsets?, content: @[Composable] kotlin.Function1<androidx.compose.foundation.layout.PaddingValues, kotlin.Unit>, $mask0: kotlin.Int, $handler: kotlin.Any?): kotlin.Unit declared in androidx.compose.material3.ScaffoldKt' type=kotlin.Unit origin=DEFAULT_DISPATCH_CALL
      modifier: GET_VAR 'modifier: androidx.compose.ui.Modifier declared in com.example.feature.search.ui.screens.recipe_list.RecipeListScreenKt.RecipeListScreen' type=androidx.compose.ui.Modifier origin=null
      topBar: BLOCK type=kotlin.Function0<kotlin.Unit> origin=LAMBDA
        COMPOSITE type=kotlin.Unit origin=null
        CALL 'public final fun <jvm-indy> <T> (dynamicCall: T of kotlin.jvm.internal.<jvm-indy>, bootstrapMethodHandle: kotlin.Any, vararg bootstrapMethodArguments: kotlin.Any): T of kotlin.jvm.internal.<jvm-indy> declared in kotlin.jvm.internal' type=kotlin.Function0<kotlin.Unit> origin=null
          <T>: kotlin.Function0<kotlin.Unit>
          dynamicCall: CALL 'public final fun invoke (p0: androidx.compose.runtime.MutableState<kotlin.String>, p1: com.example.feature.search.ui.screens.recipe_list.RecipeListViewModel): kotlin.Function0<kotlin.Unit> declared in kotlin.jvm.internal.invokeDynamic' type=kotlin.Function0<kotlin.Unit> origin=null
            p0: GET_VAR 'val query: androidx.compose.runtime.MutableState<kotlin.String> [val] declared in com.example.feature.search.ui.screens.recipe_list.RecipeListScreenKt.RecipeListScreen' type=androidx.compose.runtime.MutableState<kotlin.String> origin=null
            p1: GET_VAR 'viewModel: com.example.feature.search.ui.screens.recipe_list.RecipeListViewModel declared in com.example.feature.search.ui.screens.recipe_list.RecipeListScreenKt.RecipeListScreen' type=com.example.feature.search.ui.screens.recipe_list.RecipeListViewModel origin=null
          bootstrapMethodHandle: CALL 'public final fun <jvm-method-handle> (tag: kotlin.Int, owner: kotlin.String, name: kotlin.String, descriptor: kotlin.String, isInterface: kotlin.Boolean): kotlin.Any declared in kotlin.jvm.internal' type=kotlin.Any origin=null
            tag: CONST Int type=kotlin.Int value=6
            owner: CONST String type=kotlin.String value="java/lang/invoke/LambdaMetafactory"
            name: CONST String type=kotlin.String value="metafactory"
            descriptor: CONST String type=kotlin.String value="(Ljava/lang/invoke/MethodHandles$Lookup;Ljava/lang/String;Ljava/lang/invoke/MethodType;Ljava/lang/invoke/MethodType;Ljava/lang/invoke/MethodHandle;Ljava/lang/invoke/MethodType;)Ljava/lang/invoke/CallSite;"
            isInterface: CONST Boolean type=kotlin.Boolean value=false
          bootstrapMethodArguments: VARARG type=kotlin.Array<kotlin.Any> varargElementType=kotlin.Any
            CALL 'public final fun <jvm-original-method-type> (method: kotlin.Any): kotlin.Any declared in kotlin.jvm.internal' type=kotlin.Any origin=null
              method: RAW_FUNCTION_REFERENCE 'public abstract fun invoke (): R of kotlin.Function0 [operator] declared in kotlin.Function0' type=kotlin.Any
            RAW_FUNCTION_REFERENCE 'private final fun RecipeListScreen$lambda$3 ($query: androidx.compose.runtime.MutableState<kotlin.String>, $viewModel: com.example.feature.search.ui.screens.recipe_list.RecipeListViewModel): kotlin.Unit? declared in com.example.feature.search.ui.screens.recipe_list.RecipeListScreenKt' type=kotlin.Any
            CALL 'public final fun <jvm-original-method-type> (method: kotlin.Any): kotlin.Any declared in kotlin.jvm.internal' type=kotlin.Any origin=null
              method: RAW_FUNCTION_REFERENCE 'public abstract fun invoke (): kotlin.Unit? [fake_override,operator] declared in kotlin.jvm.internal.invokeDynamic.<fake>' type=kotlin.Any
      bottomBar: COMPOSITE type=@[Composable] kotlin.Function0<kotlin.Unit>? origin=DEFAULT_VALUE
        CONST Null type=@[Composable] kotlin.Function0<kotlin.Unit>? value=null
      snackbarHost: COMPOSITE type=@[Composable] kotlin.Function0<kotlin.Unit>? origin=DEFAULT_VALUE
        CONST Null type=@[Composable] kotlin.Function0<kotlin.Unit>? value=null
      floatingActionButton: COMPOSITE type=@[Composable] kotlin.Function0<kotlin.Unit>? origin=DEFAULT_VALUE
        CONST Null type=@[Composable] kotlin.Function0<kotlin.Unit>? value=null
      floatingActionButtonPosition: COMPOSITE type=androidx.compose.material3.FabPosition origin=DEFAULT_VALUE
        CALL 'public final fun <unsafe-coerce> <T, R> (v: T of kotlin.jvm.internal.<unsafe-coerce>): R of kotlin.jvm.internal.<unsafe-coerce> declared in kotlin.jvm.internal' type=androidx.compose.material3.FabPosition origin=null
          <T>: kotlin.Int
          <R>: androidx.compose.material3.FabPosition
          v: CONST Int type=kotlin.Int value=0
      containerColor: COMPOSITE type=androidx.compose.ui.graphics.Color origin=DEFAULT_VALUE
        CALL 'public final fun <unsafe-coerce> <T, R> (v: T of kotlin.jvm.internal.<unsafe-coerce>): R of kotlin.jvm.internal.<unsafe-coerce> declared in kotlin.jvm.internal' type=androidx.compose.ui.graphics.Color origin=null
          <T>: kotlin.Long
          <R>: androidx.compose.ui.graphics.Color
          v: CONST Long type=kotlin.Long value=0
      contentColor: COMPOSITE type=androidx.compose.ui.graphics.Color origin=DEFAULT_VALUE
        CALL 'public final fun <unsafe-coerce> <T, R> (v: T of kotlin.jvm.internal.<unsafe-coerce>): R of kotlin.jvm.internal.<unsafe-coerce> declared in kotlin.jvm.internal' type=androidx.compose.ui.graphics.Color origin=null
          <T>: kotlin.Long
          <R>: androidx.compose.ui.graphics.Color
          v: CONST Long type=kotlin.Long value=0
      contentWindowInsets: COMPOSITE type=androidx.compose.foundation.layout.WindowInsets? origin=DEFAULT_VALUE
        CONST Null type=androidx.compose.foundation.layout.WindowInsets? value=null
      content: BLOCK type=kotlin.Function1<androidx.compose.foundation.layout.PaddingValues, kotlin.Unit> origin=LAMBDA
        COMPOSITE type=kotlin.Unit origin=null
        CALL 'public final fun <jvm-indy> <T> (dynamicCall: T of kotlin.jvm.internal.<jvm-indy>, bootstrapMethodHandle: kotlin.Any, vararg bootstrapMethodArguments: kotlin.Any): T of kotlin.jvm.internal.<jvm-indy> declared in kotlin.jvm.internal' type=kotlin.Function1<androidx.compose.foundation.layout.PaddingValues, kotlin.Unit> origin=null
          <T>: kotlin.Function1<androidx.compose.foundation.layout.PaddingValues, kotlin.Unit>
          dynamicCall: CALL 'public final fun invoke (p0: androidx.compose.runtime.State<com.example.feature.search.ui.screens.recipe_list.RecipeList.UiState>, p1: kotlin.Function1<kotlin.String, kotlin.Unit>): kotlin.Function1<androidx.compose.foundation.layout.PaddingValues, kotlin.Unit> declared in kotlin.jvm.internal.invokeDynamic' type=kotlin.Function1<androidx.compose.foundation.layout.PaddingValues, kotlin.Unit> origin=null
            p0: GET_VAR 'val uiState: androidx.compose.runtime.State<com.example.feature.search.ui.screens.recipe_list.RecipeList.UiState> [val] declared in com.example.feature.search.ui.screens.recipe_list.RecipeListScreenKt.RecipeListScreen' type=androidx.compose.runtime.State<com.example.feature.search.ui.screens.recipe_list.RecipeList.UiState> origin=null
            p1: GET_VAR 'onClick: kotlin.Function1<kotlin.String, kotlin.Unit> declared in com.example.feature.search.ui.screens.recipe_list.RecipeListScreenKt.RecipeListScreen' type=kotlin.Function1<kotlin.String, kotlin.Unit> origin=null
          bootstrapMethodHandle: CALL 'public final fun <jvm-method-handle> (tag: kotlin.Int, owner: kotlin.String, name: kotlin.String, descriptor: kotlin.String, isInterface: kotlin.Boolean): kotlin.Any declared in kotlin.jvm.internal' type=kotlin.Any origin=null
            tag: CONST Int type=kotlin.Int value=6
            owner: CONST String type=kotlin.String value="java/lang/invoke/LambdaMetafactory"
            name: CONST String type=kotlin.String value="metafactory"
            descriptor: CONST String type=kotlin.String value="(Ljava/lang/invoke/MethodHandles$Lookup;Ljava/lang/String;Ljava/lang/invoke/MethodType;Ljava/lang/invoke/MethodType;Ljava/lang/invoke/MethodHandle;Ljava/lang/invoke/MethodType;)Ljava/lang/invoke/CallSite;"
            isInterface: CONST Boolean type=kotlin.Boolean value=false
          bootstrapMethodArguments: VARARG type=kotlin.Array<kotlin.Any> varargElementType=kotlin.Any
            CALL 'public final fun <jvm-original-method-type> (method: kotlin.Any): kotlin.Any declared in kotlin.jvm.internal' type=kotlin.Any origin=null
              method: RAW_FUNCTION_REFERENCE 'public abstract fun invoke (p1: P1 of kotlin.Function1): R of kotlin.Function1 [operator] declared in kotlin.Function1' type=kotlin.Any
            RAW_FUNCTION_REFERENCE 'private final fun RecipeListScreen$lambda$9 ($uiState: androidx.compose.runtime.State<com.example.feature.search.ui.screens.recipe_list.RecipeList.UiState>, $onClick: kotlin.Function1<kotlin.String, kotlin.Unit>, it: androidx.compose.foundation.layout.PaddingValues): kotlin.Unit? declared in com.example.feature.search.ui.screens.recipe_list.RecipeListScreenKt' type=kotlin.Any
            CALL 'public final fun <jvm-original-method-type> (method: kotlin.Any): kotlin.Any declared in kotlin.jvm.internal' type=kotlin.Any origin=null
              method: RAW_FUNCTION_REFERENCE 'public abstract fun invoke (p1: androidx.compose.foundation.layout.PaddingValues): kotlin.Unit? [fake_override,operator] declared in kotlin.jvm.internal.invokeDynamic.<fake>' type=kotlin.Any
      $mask0: CONST Int type=kotlin.Int value=508
      $handler: CONST Null type=kotlin.Any? value=null

	at org.jetbrains.kotlin.backend.jvm.codegen.FunctionCodegen.generate(FunctionCodegen.kt:50)
	at org.jetbrains.kotlin.backend.jvm.codegen.FunctionCodegen.generate$default(FunctionCodegen.kt:42)
	at org.jetbrains.kotlin.backend.jvm.codegen.ClassCodegen.generateMethodNode(ClassCodegen.kt:385)
	at org.jetbrains.kotlin.backend.jvm.codegen.ClassCodegen.generateMethod(ClassCodegen.kt:402)
	at org.jetbrains.kotlin.backend.jvm.codegen.ClassCodegen.generate(ClassCodegen.kt:169)
	at org.jetbrains.kotlin.backend.jvm.FileCodegen.lower(JvmPhases.kt:41)
	at org.jetbrains.kotlin.backend.common.phaser.PhaseBuildersKt.makeIrFilePhase$lambda$5(PhaseBuilders.kt:114)
	at org.jetbrains.kotlin.backend.common.phaser.PhaseBuildersKt$createSimpleNamedCompilerPhase$1.phaseBody(PhaseBuilders.kt:71)
	at org.jetbrains.kotlin.backend.common.phaser.SimpleNamedCompilerPhase.phaseBody(CompilerPhase.kt:226)
	at org.jetbrains.kotlin.backend.common.phaser.AbstractNamedCompilerPhase.invoke(CompilerPhase.kt:113)
	at org.jetbrains.kotlin.backend.common.phaser.PerformByIrFilePhase.invokeSequential(performByIrFile.kt:62)
	... 43 more
Caused by: org.jetbrains.kotlin.codegen.CompilationException: Back-end (JVM) Internal error: Couldn't inline method call: CALL 'public final fun remember <T> (calculation: @[DisallowComposableCalls] kotlin.Function0<T of androidx.compose.runtime.ComposablesKt.remember>): T of androidx.compose.runtime.ComposablesKt.remember [inline] declared in androidx.compose.runtime.ComposablesKt' type=androidx.compose.runtime.MutableState<kotlin.String> origin=null
Method: null
File is unknown
The root cause java.lang.IllegalStateException was thrown at: org.jetbrains.kotlin.codegen.inline.SourceCompilerForInlineKt.getMethodNode(SourceCompilerForInline.kt:118)
	at org.jetbrains.kotlin.codegen.inline.InlineCodegen.performInline(InlineCodegen.kt:65)
	at org.jetbrains.kotlin.backend.jvm.codegen.IrInlineCodegen.genInlineCall(IrInlineCodegen.kt:162)
	at org.jetbrains.kotlin.backend.jvm.codegen.IrInlineCallGenerator.genCall(IrInlineCallGenerator.kt:36)
	at org.jetbrains.kotlin.backend.jvm.codegen.ExpressionCodegen.visitCall(ExpressionCodegen.kt:647)
	at org.jetbrains.kotlin.backend.jvm.codegen.ExpressionCodegen.visitCall(ExpressionCodegen.kt:137)
	at org.jetbrains.kotlin.ir.expressions.IrCall.accept(IrCall.kt:24)
	at org.jetbrains.kotlin.backend.jvm.codegen.ExpressionCodegen.visitVariable(ExpressionCodegen.kt:784)
	at org.jetbrains.kotlin.backend.jvm.codegen.ExpressionCodegen.visitVariable(ExpressionCodegen.kt:137)
	at org.jetbrains.kotlin.ir.declarations.IrVariable.accept(IrVariable.kt:36)
	at org.jetbrains.kotlin.backend.jvm.codegen.ExpressionCodegen.visitStatementContainer(ExpressionCodegen.kt:573)
	at org.jetbrains.kotlin.backend.jvm.codegen.ExpressionCodegen.visitBlockBody(ExpressionCodegen.kt:578)
	at org.jetbrains.kotlin.backend.jvm.codegen.ExpressionCodegen.visitBlockBody(ExpressionCodegen.kt:137)
	at org.jetbrains.kotlin.ir.expressions.IrBlockBody.accept(IrBlockBody.kt:20)
	at org.jetbrains.kotlin.backend.jvm.codegen.ExpressionCodegen.generate(ExpressionCodegen.kt:239)
	at org.jetbrains.kotlin.backend.jvm.codegen.FunctionCodegen.doGenerate(FunctionCodegen.kt:121)
	at org.jetbrains.kotlin.backend.jvm.codegen.FunctionCodegen.generate(FunctionCodegen.kt:46)
	... 53 more
Caused by: java.lang.IllegalStateException: couldn't find inline method Landroidx/compose/runtime/ComposablesKt;.remember(Lkotlin/jvm/functions/Function0;)Ljava/lang/Object;
	at org.jetbrains.kotlin.codegen.inline.SourceCompilerForInlineKt.getMethodNode(SourceCompilerForInline.kt:118)
	at org.jetbrains.kotlin.codegen.inline.SourceCompilerForInlineKt.loadCompiledInlineFunction(SourceCompilerForInline.kt:96)
	at org.jetbrains.kotlin.backend.jvm.codegen.IrSourceCompilerForInline.compileInlineFunction(IrSourceCompilerForInline.kt:91)
	at org.jetbrains.kotlin.codegen.inline.InlineCodegen.compileInline(InlineCodegen.kt:43)
	at org.jetbrains.kotlin.codegen.inline.InlineCodegen.performInline(InlineCodegen.kt:51)
	... 68 more


